<?xml version="1.0" encoding="UTF-8"?>
<testsuite name="com.example.app.TimeEditTextUiEspressoTest" tests="7" skipped="0" failures="6" errors="0" timestamp="2022-04-30T06:38:13" hostname="nuxmac.local" time="3.98">
  <properties/>
  <testcase name="hourText_appendDelimiterIfHourTextLengthIsTwo" classname="com.example.app.TimeEditTextUiEspressoTest" time="3.458">
    <failure message="androidx.test.espresso.base.DefaultFailureHandler$AssertionFailedWithCauseError: 'an instance of android.widget.TextView and view.getText() with or without transformation to match: is &quot;12:&quot;' doesn't match the selected view.&#10;Expected: an instance of android.widget.TextView and view.getText() with or without transformation to match: is &quot;12:&quot;&#10;     Got: view.getText() was &quot;&quot; transformed text was &quot;&quot;&#10;View Details: TimeEditText{id=2131231162, res-name=time_edit_text, visibility=VISIBLE, width=100, height=44, has-focus=false, has-focusable=true, has-window-focus=true, is-clickable=true, is-enabled=true, is-focused=false, is-focusable=true, is-layout-requested=false, is-selected=false, layout-params=androidx.appcompat.widget.LinearLayoutCompat$LayoutParams@6cd887ce, tag=null, root-is-layout-requested=false, has-input-connection=true, editor-info=[inputType=0x24 imeOptions=0xc000005 privateImeOptions=null actionLabel=null actionId=0 initialSelStart=0 initialSelEnd=0 initialCapsMode=0x0 hintText=12:00 label=null packageName=null autofillId=null fieldId=0 fieldName=null extras=null hintLocales=null contentMimeTypes=null ], x=110.0, y=124.0, text=, hint=12:00, input-type=36, ime-target=false, has-links=false}&#10;" type="androidx.test.espresso.base.DefaultFailureHandler$AssertionFailedWithCauseError">androidx.test.espresso.base.DefaultFailureHandler$AssertionFailedWithCauseError: 'an instance of android.widget.TextView and view.getText() with or without transformation to match: is &quot;12:&quot;' doesn't match the selected view.
Expected: an instance of android.widget.TextView and view.getText() with or without transformation to match: is &quot;12:&quot;
     Got: view.getText() was &quot;&quot; transformed text was &quot;&quot;
View Details: TimeEditText{id=2131231162, res-name=time_edit_text, visibility=VISIBLE, width=100, height=44, has-focus=false, has-focusable=true, has-window-focus=true, is-clickable=true, is-enabled=true, is-focused=false, is-focusable=true, is-layout-requested=false, is-selected=false, layout-params=androidx.appcompat.widget.LinearLayoutCompat$LayoutParams@6cd887ce, tag=null, root-is-layout-requested=false, has-input-connection=true, editor-info=[inputType=0x24 imeOptions=0xc000005 privateImeOptions=null actionLabel=null actionId=0 initialSelStart=0 initialSelEnd=0 initialCapsMode=0x0 hintText=12:00 label=null packageName=null autofillId=null fieldId=0 fieldName=null extras=null hintLocales=null contentMimeTypes=null ], x=110.0, y=124.0, text=, hint=12:00, input-type=36, ime-target=false, has-links=false}

	at java.base@11.0.15/java.lang.Thread.getStackTrace(Thread.java:1602)
	at androidx.test.espresso.base.DefaultFailureHandler.getUserFriendlyError(DefaultFailureHandler.java:12)
	at androidx.test.espresso.base.DefaultFailureHandler.handle(DefaultFailureHandler.java:7)
	at androidx.test.espresso.ViewInteraction.waitForAndHandleInteractionResults(ViewInteraction.java:5)
	at androidx.test.espresso.ViewInteraction.check(ViewInteraction.java:12)
	at com.example.app.TimeEditTextUiEspressoTest.hourText_appendDelimiterIfHourTextLengthIsTwo(TimeEditTextUiEspressoTest.kt:55)
	at java.base@11.0.15/jdk.internal.reflect.NativeMethodAccessorImpl.invoke0(Native Method)
	at java.base@11.0.15/jdk.internal.reflect.NativeMethodAccessorImpl.invoke(NativeMethodAccessorImpl.java:62)
	at java.base@11.0.15/jdk.internal.reflect.DelegatingMethodAccessorImpl.invoke(DelegatingMethodAccessorImpl.java:43)
	at java.base@11.0.15/java.lang.reflect.Method.invoke(Method.java:566)
	at app//org.junit.runners.model.FrameworkMethod$1.runReflectiveCall(FrameworkMethod.java:59)
	at app//org.junit.internal.runners.model.ReflectiveCallable.run(ReflectiveCallable.java:12)
	at app//org.junit.runners.model.FrameworkMethod.invokeExplosively(FrameworkMethod.java:56)
	at app//org.junit.internal.runners.statements.InvokeMethod.evaluate(InvokeMethod.java:17)
	at app//org.junit.internal.runners.statements.RunBefores.evaluate(RunBefores.java:26)
	at app//org.junit.runners.ParentRunner$3.evaluate(ParentRunner.java:306)
	at app//org.robolectric.RobolectricTestRunner$HelperTestRunner$1.evaluate(RobolectricTestRunner.java:591)
	at app//org.robolectric.internal.SandboxTestRunner$2.lambda$evaluate$0(SandboxTestRunner.java:274)
	at app//org.robolectric.internal.bytecode.Sandbox.lambda$runOnMainThread$0(Sandbox.java:88)
	at java.base@11.0.15/java.util.concurrent.FutureTask.run(FutureTask.java:264)
	at java.base@11.0.15/java.util.concurrent.ThreadPoolExecutor.runWorker(ThreadPoolExecutor.java:1128)
	at java.base@11.0.15/java.util.concurrent.ThreadPoolExecutor$Worker.run(ThreadPoolExecutor.java:628)
	at java.base@11.0.15/java.lang.Thread.run(Thread.java:829)
Caused by: junit.framework.AssertionFailedError: 'an instance of android.widget.TextView and view.getText() with or without transformation to match: is &quot;12:&quot;' doesn't match the selected view.
Expected: an instance of android.widget.TextView and view.getText() with or without transformation to match: is &quot;12:&quot;
     Got: view.getText() was &quot;&quot; transformed text was &quot;&quot;
View Details: TimeEditText{id=2131231162, res-name=time_edit_text, visibility=VISIBLE, width=100, height=44, has-focus=false, has-focusable=true, has-window-focus=true, is-clickable=true, is-enabled=true, is-focused=false, is-focusable=true, is-layout-requested=false, is-selected=false, layout-params=androidx.appcompat.widget.LinearLayoutCompat$LayoutParams@6cd887ce, tag=null, root-is-layout-requested=false, has-input-connection=true, editor-info=[inputType=0x24 imeOptions=0xc000005 privateImeOptions=null actionLabel=null actionId=0 initialSelStart=0 initialSelEnd=0 initialCapsMode=0x0 hintText=12:00 label=null packageName=null autofillId=null fieldId=0 fieldName=null extras=null hintLocales=null contentMimeTypes=null ], x=110.0, y=124.0, text=, hint=12:00, input-type=36, ime-target=false, has-links=false}

	at androidx.test.espresso.matcher.ViewMatchers.assertThat(ViewMatchers.java:16)
	at androidx.test.espresso.assertion.ViewAssertions$MatchesViewAssertion.check(ViewAssertions.java:11)
	at androidx.test.espresso.ViewInteraction$SingleExecutionViewAssertion.check(ViewInteraction.java:2)
	at androidx.test.espresso.ViewInteraction$2.call(ViewInteraction.java:12)
	at androidx.test.espresso.ViewInteraction$2.call(ViewInteraction.java:1)
	at java.base/java.util.concurrent.FutureTask.run(FutureTask.java:264)
	at android.os.Handler.$$robo$$android_os_Handler$handleCallback(Handler.java:938)
	at android.os.Handler.handleCallback(Handler.java)
	at android.os.Handler.$$robo$$android_os_Handler$dispatchMessage(Handler.java:99)
	at android.os.Handler.dispatchMessage(Handler.java)
	at org.robolectric.shadows.ShadowPausedLooper$IdlingRunnable.run(ShadowPausedLooper.java:332)
	at org.robolectric.shadows.ShadowPausedLooper.executeOnLooper(ShadowPausedLooper.java:366)
	at org.robolectric.shadows.ShadowPausedLooper.idle(ShadowPausedLooper.java:92)
	at org.robolectric.android.internal.LocalControlledLooper.drainMainThreadUntilIdle(LocalControlledLooper.java:17)
	at androidx.test.espresso.ViewInteraction.waitForAndHandleInteractionResults(ViewInteraction.java:1)
	... 19 more
</failure>
  </testcase>
  <testcase name="testEditText" classname="com.example.app.TimeEditTextUiEspressoTest" time="0.119">
    <failure message="androidx.test.espresso.base.DefaultFailureHandler$AssertionFailedWithCauseError: 'an instance of android.widget.TextView and view.getText() with or without transformation to match: is &quot;test&quot;' doesn't match the selected view.&#10;Expected: an instance of android.widget.TextView and view.getText() with or without transformation to match: is &quot;test&quot;&#10;     Got: view.getText() was &quot;&quot;&#10;View Details: AppCompatEditText{id=2131231064, res-name=sample_edit_text, visibility=VISIBLE, width=100, height=41, has-focus=false, has-focusable=true, has-window-focus=true, is-clickable=true, is-enabled=true, is-focused=false, is-focusable=true, is-layout-requested=false, is-selected=false, layout-params=androidx.appcompat.widget.LinearLayoutCompat$LayoutParams@7aabf875, tag=null, root-is-layout-requested=false, has-input-connection=true, editor-info=[inputType=0x20001 imeOptions=0x44000006 privateImeOptions=null actionLabel=null actionId=0 initialSelStart=0 initialSelEnd=0 initialCapsMode=0x0 hintText=null label=null packageName=null autofillId=null fieldId=0 fieldName=null extras=null hintLocales=null contentMimeTypes=null ], x=110.0, y=192.0, text=, input-type=131073, ime-target=false, has-links=false}&#10;" type="androidx.test.espresso.base.DefaultFailureHandler$AssertionFailedWithCauseError">androidx.test.espresso.base.DefaultFailureHandler$AssertionFailedWithCauseError: 'an instance of android.widget.TextView and view.getText() with or without transformation to match: is &quot;test&quot;' doesn't match the selected view.
Expected: an instance of android.widget.TextView and view.getText() with or without transformation to match: is &quot;test&quot;
     Got: view.getText() was &quot;&quot;
View Details: AppCompatEditText{id=2131231064, res-name=sample_edit_text, visibility=VISIBLE, width=100, height=41, has-focus=false, has-focusable=true, has-window-focus=true, is-clickable=true, is-enabled=true, is-focused=false, is-focusable=true, is-layout-requested=false, is-selected=false, layout-params=androidx.appcompat.widget.LinearLayoutCompat$LayoutParams@7aabf875, tag=null, root-is-layout-requested=false, has-input-connection=true, editor-info=[inputType=0x20001 imeOptions=0x44000006 privateImeOptions=null actionLabel=null actionId=0 initialSelStart=0 initialSelEnd=0 initialCapsMode=0x0 hintText=null label=null packageName=null autofillId=null fieldId=0 fieldName=null extras=null hintLocales=null contentMimeTypes=null ], x=110.0, y=192.0, text=, input-type=131073, ime-target=false, has-links=false}

	at java.base@11.0.15/java.lang.Thread.getStackTrace(Thread.java:1602)
	at androidx.test.espresso.base.DefaultFailureHandler.getUserFriendlyError(DefaultFailureHandler.java:12)
	at androidx.test.espresso.base.DefaultFailureHandler.handle(DefaultFailureHandler.java:7)
	at androidx.test.espresso.ViewInteraction.waitForAndHandleInteractionResults(ViewInteraction.java:5)
	at androidx.test.espresso.ViewInteraction.check(ViewInteraction.java:12)
	at com.example.app.TimeEditTextUiEspressoTest.testEditText(TimeEditTextUiEspressoTest.kt:34)
	at java.base@11.0.15/jdk.internal.reflect.NativeMethodAccessorImpl.invoke0(Native Method)
	at java.base@11.0.15/jdk.internal.reflect.NativeMethodAccessorImpl.invoke(NativeMethodAccessorImpl.java:62)
	at java.base@11.0.15/jdk.internal.reflect.DelegatingMethodAccessorImpl.invoke(DelegatingMethodAccessorImpl.java:43)
	at java.base@11.0.15/java.lang.reflect.Method.invoke(Method.java:566)
	at app//org.junit.runners.model.FrameworkMethod$1.runReflectiveCall(FrameworkMethod.java:59)
	at app//org.junit.internal.runners.model.ReflectiveCallable.run(ReflectiveCallable.java:12)
	at app//org.junit.runners.model.FrameworkMethod.invokeExplosively(FrameworkMethod.java:56)
	at app//org.junit.internal.runners.statements.InvokeMethod.evaluate(InvokeMethod.java:17)
	at app//org.junit.internal.runners.statements.RunBefores.evaluate(RunBefores.java:26)
	at app//org.junit.runners.ParentRunner$3.evaluate(ParentRunner.java:306)
	at app//org.robolectric.RobolectricTestRunner$HelperTestRunner$1.evaluate(RobolectricTestRunner.java:591)
	at app//org.robolectric.internal.SandboxTestRunner$2.lambda$evaluate$0(SandboxTestRunner.java:274)
	at app//org.robolectric.internal.bytecode.Sandbox.lambda$runOnMainThread$0(Sandbox.java:88)
	at java.base@11.0.15/java.util.concurrent.FutureTask.run(FutureTask.java:264)
	at java.base@11.0.15/java.util.concurrent.ThreadPoolExecutor.runWorker(ThreadPoolExecutor.java:1128)
	at java.base@11.0.15/java.util.concurrent.ThreadPoolExecutor$Worker.run(ThreadPoolExecutor.java:628)
	at java.base@11.0.15/java.lang.Thread.run(Thread.java:829)
Caused by: junit.framework.AssertionFailedError: 'an instance of android.widget.TextView and view.getText() with or without transformation to match: is &quot;test&quot;' doesn't match the selected view.
Expected: an instance of android.widget.TextView and view.getText() with or without transformation to match: is &quot;test&quot;
     Got: view.getText() was &quot;&quot;
View Details: AppCompatEditText{id=2131231064, res-name=sample_edit_text, visibility=VISIBLE, width=100, height=41, has-focus=false, has-focusable=true, has-window-focus=true, is-clickable=true, is-enabled=true, is-focused=false, is-focusable=true, is-layout-requested=false, is-selected=false, layout-params=androidx.appcompat.widget.LinearLayoutCompat$LayoutParams@7aabf875, tag=null, root-is-layout-requested=false, has-input-connection=true, editor-info=[inputType=0x20001 imeOptions=0x44000006 privateImeOptions=null actionLabel=null actionId=0 initialSelStart=0 initialSelEnd=0 initialCapsMode=0x0 hintText=null label=null packageName=null autofillId=null fieldId=0 fieldName=null extras=null hintLocales=null contentMimeTypes=null ], x=110.0, y=192.0, text=, input-type=131073, ime-target=false, has-links=false}

	at androidx.test.espresso.matcher.ViewMatchers.assertThat(ViewMatchers.java:16)
	at androidx.test.espresso.assertion.ViewAssertions$MatchesViewAssertion.check(ViewAssertions.java:11)
	at androidx.test.espresso.ViewInteraction$SingleExecutionViewAssertion.check(ViewInteraction.java:2)
	at androidx.test.espresso.ViewInteraction$2.call(ViewInteraction.java:12)
	at androidx.test.espresso.ViewInteraction$2.call(ViewInteraction.java:1)
	at java.base/java.util.concurrent.FutureTask.run(FutureTask.java:264)
	at android.os.Handler.$$robo$$android_os_Handler$handleCallback(Handler.java:938)
	at android.os.Handler.handleCallback(Handler.java)
	at android.os.Handler.$$robo$$android_os_Handler$dispatchMessage(Handler.java:99)
	at android.os.Handler.dispatchMessage(Handler.java)
	at org.robolectric.shadows.ShadowPausedLooper$IdlingRunnable.run(ShadowPausedLooper.java:332)
	at org.robolectric.shadows.ShadowPausedLooper.executeOnLooper(ShadowPausedLooper.java:366)
	at org.robolectric.shadows.ShadowPausedLooper.idle(ShadowPausedLooper.java:92)
	at org.robolectric.android.internal.LocalControlledLooper.drainMainThreadUntilIdle(LocalControlledLooper.java:17)
	at androidx.test.espresso.ViewInteraction.waitForAndHandleInteractionResults(ViewInteraction.java:1)
	... 19 more
</failure>
  </testcase>
  <testcase name="minuteText_notInsertZeroIfFirstDigitLessThanSix" classname="com.example.app.TimeEditTextUiEspressoTest" time="0.073">
    <failure message="androidx.test.espresso.base.DefaultFailureHandler$AssertionFailedWithCauseError: 'an instance of android.widget.TextView and view.getText() with or without transformation to match: is &quot;12:30&quot;' doesn't match the selected view.&#10;Expected: an instance of android.widget.TextView and view.getText() with or without transformation to match: is &quot;12:30&quot;&#10;     Got: view.getText() was &quot;&quot; transformed text was &quot;&quot;&#10;View Details: TimeEditText{id=2131231162, res-name=time_edit_text, visibility=VISIBLE, width=100, height=44, has-focus=false, has-focusable=true, has-window-focus=true, is-clickable=true, is-enabled=true, is-focused=false, is-focusable=true, is-layout-requested=false, is-selected=false, layout-params=androidx.appcompat.widget.LinearLayoutCompat$LayoutParams@7164d39c, tag=null, root-is-layout-requested=false, has-input-connection=true, editor-info=[inputType=0x24 imeOptions=0xc000005 privateImeOptions=null actionLabel=null actionId=0 initialSelStart=0 initialSelEnd=0 initialCapsMode=0x0 hintText=12:00 label=null packageName=null autofillId=null fieldId=0 fieldName=null extras=null hintLocales=null contentMimeTypes=null ], x=110.0, y=124.0, text=, hint=12:00, input-type=36, ime-target=false, has-links=false}&#10;" type="androidx.test.espresso.base.DefaultFailureHandler$AssertionFailedWithCauseError">androidx.test.espresso.base.DefaultFailureHandler$AssertionFailedWithCauseError: 'an instance of android.widget.TextView and view.getText() with or without transformation to match: is &quot;12:30&quot;' doesn't match the selected view.
Expected: an instance of android.widget.TextView and view.getText() with or without transformation to match: is &quot;12:30&quot;
     Got: view.getText() was &quot;&quot; transformed text was &quot;&quot;
View Details: TimeEditText{id=2131231162, res-name=time_edit_text, visibility=VISIBLE, width=100, height=44, has-focus=false, has-focusable=true, has-window-focus=true, is-clickable=true, is-enabled=true, is-focused=false, is-focusable=true, is-layout-requested=false, is-selected=false, layout-params=androidx.appcompat.widget.LinearLayoutCompat$LayoutParams@7164d39c, tag=null, root-is-layout-requested=false, has-input-connection=true, editor-info=[inputType=0x24 imeOptions=0xc000005 privateImeOptions=null actionLabel=null actionId=0 initialSelStart=0 initialSelEnd=0 initialCapsMode=0x0 hintText=12:00 label=null packageName=null autofillId=null fieldId=0 fieldName=null extras=null hintLocales=null contentMimeTypes=null ], x=110.0, y=124.0, text=, hint=12:00, input-type=36, ime-target=false, has-links=false}

	at java.base@11.0.15/java.lang.Thread.getStackTrace(Thread.java:1602)
	at androidx.test.espresso.base.DefaultFailureHandler.getUserFriendlyError(DefaultFailureHandler.java:12)
	at androidx.test.espresso.base.DefaultFailureHandler.handle(DefaultFailureHandler.java:7)
	at androidx.test.espresso.ViewInteraction.waitForAndHandleInteractionResults(ViewInteraction.java:5)
	at androidx.test.espresso.ViewInteraction.check(ViewInteraction.java:12)
	at com.example.app.TimeEditTextUiEspressoTest.minuteText_notInsertZeroIfFirstDigitLessThanSix(TimeEditTextUiEspressoTest.kt:62)
	at java.base@11.0.15/jdk.internal.reflect.NativeMethodAccessorImpl.invoke0(Native Method)
	at java.base@11.0.15/jdk.internal.reflect.NativeMethodAccessorImpl.invoke(NativeMethodAccessorImpl.java:62)
	at java.base@11.0.15/jdk.internal.reflect.DelegatingMethodAccessorImpl.invoke(DelegatingMethodAccessorImpl.java:43)
	at java.base@11.0.15/java.lang.reflect.Method.invoke(Method.java:566)
	at app//org.junit.runners.model.FrameworkMethod$1.runReflectiveCall(FrameworkMethod.java:59)
	at app//org.junit.internal.runners.model.ReflectiveCallable.run(ReflectiveCallable.java:12)
	at app//org.junit.runners.model.FrameworkMethod.invokeExplosively(FrameworkMethod.java:56)
	at app//org.junit.internal.runners.statements.InvokeMethod.evaluate(InvokeMethod.java:17)
	at app//org.junit.internal.runners.statements.RunBefores.evaluate(RunBefores.java:26)
	at app//org.junit.runners.ParentRunner$3.evaluate(ParentRunner.java:306)
	at app//org.robolectric.RobolectricTestRunner$HelperTestRunner$1.evaluate(RobolectricTestRunner.java:591)
	at app//org.robolectric.internal.SandboxTestRunner$2.lambda$evaluate$0(SandboxTestRunner.java:274)
	at app//org.robolectric.internal.bytecode.Sandbox.lambda$runOnMainThread$0(Sandbox.java:88)
	at java.base@11.0.15/java.util.concurrent.FutureTask.run(FutureTask.java:264)
	at java.base@11.0.15/java.util.concurrent.ThreadPoolExecutor.runWorker(ThreadPoolExecutor.java:1128)
	at java.base@11.0.15/java.util.concurrent.ThreadPoolExecutor$Worker.run(ThreadPoolExecutor.java:628)
	at java.base@11.0.15/java.lang.Thread.run(Thread.java:829)
Caused by: junit.framework.AssertionFailedError: 'an instance of android.widget.TextView and view.getText() with or without transformation to match: is &quot;12:30&quot;' doesn't match the selected view.
Expected: an instance of android.widget.TextView and view.getText() with or without transformation to match: is &quot;12:30&quot;
     Got: view.getText() was &quot;&quot; transformed text was &quot;&quot;
View Details: TimeEditText{id=2131231162, res-name=time_edit_text, visibility=VISIBLE, width=100, height=44, has-focus=false, has-focusable=true, has-window-focus=true, is-clickable=true, is-enabled=true, is-focused=false, is-focusable=true, is-layout-requested=false, is-selected=false, layout-params=androidx.appcompat.widget.LinearLayoutCompat$LayoutParams@7164d39c, tag=null, root-is-layout-requested=false, has-input-connection=true, editor-info=[inputType=0x24 imeOptions=0xc000005 privateImeOptions=null actionLabel=null actionId=0 initialSelStart=0 initialSelEnd=0 initialCapsMode=0x0 hintText=12:00 label=null packageName=null autofillId=null fieldId=0 fieldName=null extras=null hintLocales=null contentMimeTypes=null ], x=110.0, y=124.0, text=, hint=12:00, input-type=36, ime-target=false, has-links=false}

	at androidx.test.espresso.matcher.ViewMatchers.assertThat(ViewMatchers.java:16)
	at androidx.test.espresso.assertion.ViewAssertions$MatchesViewAssertion.check(ViewAssertions.java:11)
	at androidx.test.espresso.ViewInteraction$SingleExecutionViewAssertion.check(ViewInteraction.java:2)
	at androidx.test.espresso.ViewInteraction$2.call(ViewInteraction.java:12)
	at androidx.test.espresso.ViewInteraction$2.call(ViewInteraction.java:1)
	at java.base/java.util.concurrent.FutureTask.run(FutureTask.java:264)
	at android.os.Handler.$$robo$$android_os_Handler$handleCallback(Handler.java:938)
	at android.os.Handler.handleCallback(Handler.java)
	at android.os.Handler.$$robo$$android_os_Handler$dispatchMessage(Handler.java:99)
	at android.os.Handler.dispatchMessage(Handler.java)
	at org.robolectric.shadows.ShadowPausedLooper$IdlingRunnable.run(ShadowPausedLooper.java:332)
	at org.robolectric.shadows.ShadowPausedLooper.executeOnLooper(ShadowPausedLooper.java:366)
	at org.robolectric.shadows.ShadowPausedLooper.idle(ShadowPausedLooper.java:92)
	at org.robolectric.android.internal.LocalControlledLooper.drainMainThreadUntilIdle(LocalControlledLooper.java:17)
	at androidx.test.espresso.ViewInteraction.waitForAndHandleInteractionResults(ViewInteraction.java:1)
	... 19 more
</failure>
  </testcase>
  <testcase name="testTextView" classname="com.example.app.TimeEditTextUiEspressoTest" time="0.104"/>
  <testcase name="hourText_insertZeroAndAppendDelimiterIfFirstDigitMoreThanTwo" classname="com.example.app.TimeEditTextUiEspressoTest" time="0.047">
    <failure message="androidx.test.espresso.base.DefaultFailureHandler$AssertionFailedWithCauseError: 'an instance of android.widget.TextView and view.getText() with or without transformation to match: is &quot;03:&quot;' doesn't match the selected view.&#10;Expected: an instance of android.widget.TextView and view.getText() with or without transformation to match: is &quot;03:&quot;&#10;     Got: view.getText() was &quot;&quot; transformed text was &quot;&quot;&#10;View Details: TimeEditText{id=2131231162, res-name=time_edit_text, visibility=VISIBLE, width=100, height=44, has-focus=false, has-focusable=true, has-window-focus=true, is-clickable=true, is-enabled=true, is-focused=false, is-focusable=true, is-layout-requested=false, is-selected=false, layout-params=androidx.appcompat.widget.LinearLayoutCompat$LayoutParams@2e764003, tag=null, root-is-layout-requested=false, has-input-connection=true, editor-info=[inputType=0x24 imeOptions=0xc000005 privateImeOptions=null actionLabel=null actionId=0 initialSelStart=0 initialSelEnd=0 initialCapsMode=0x0 hintText=12:00 label=null packageName=null autofillId=null fieldId=0 fieldName=null extras=null hintLocales=null contentMimeTypes=null ], x=110.0, y=124.0, text=, hint=12:00, input-type=36, ime-target=false, has-links=false}&#10;" type="androidx.test.espresso.base.DefaultFailureHandler$AssertionFailedWithCauseError">androidx.test.espresso.base.DefaultFailureHandler$AssertionFailedWithCauseError: 'an instance of android.widget.TextView and view.getText() with or without transformation to match: is &quot;03:&quot;' doesn't match the selected view.
Expected: an instance of android.widget.TextView and view.getText() with or without transformation to match: is &quot;03:&quot;
     Got: view.getText() was &quot;&quot; transformed text was &quot;&quot;
View Details: TimeEditText{id=2131231162, res-name=time_edit_text, visibility=VISIBLE, width=100, height=44, has-focus=false, has-focusable=true, has-window-focus=true, is-clickable=true, is-enabled=true, is-focused=false, is-focusable=true, is-layout-requested=false, is-selected=false, layout-params=androidx.appcompat.widget.LinearLayoutCompat$LayoutParams@2e764003, tag=null, root-is-layout-requested=false, has-input-connection=true, editor-info=[inputType=0x24 imeOptions=0xc000005 privateImeOptions=null actionLabel=null actionId=0 initialSelStart=0 initialSelEnd=0 initialCapsMode=0x0 hintText=12:00 label=null packageName=null autofillId=null fieldId=0 fieldName=null extras=null hintLocales=null contentMimeTypes=null ], x=110.0, y=124.0, text=, hint=12:00, input-type=36, ime-target=false, has-links=false}

	at java.base@11.0.15/java.lang.Thread.getStackTrace(Thread.java:1602)
	at androidx.test.espresso.base.DefaultFailureHandler.getUserFriendlyError(DefaultFailureHandler.java:12)
	at androidx.test.espresso.base.DefaultFailureHandler.handle(DefaultFailureHandler.java:7)
	at androidx.test.espresso.ViewInteraction.waitForAndHandleInteractionResults(ViewInteraction.java:5)
	at androidx.test.espresso.ViewInteraction.check(ViewInteraction.java:12)
	at com.example.app.TimeEditTextUiEspressoTest.hourText_insertZeroAndAppendDelimiterIfFirstDigitMoreThanTwo(TimeEditTextUiEspressoTest.kt:48)
	at java.base@11.0.15/jdk.internal.reflect.NativeMethodAccessorImpl.invoke0(Native Method)
	at java.base@11.0.15/jdk.internal.reflect.NativeMethodAccessorImpl.invoke(NativeMethodAccessorImpl.java:62)
	at java.base@11.0.15/jdk.internal.reflect.DelegatingMethodAccessorImpl.invoke(DelegatingMethodAccessorImpl.java:43)
	at java.base@11.0.15/java.lang.reflect.Method.invoke(Method.java:566)
	at app//org.junit.runners.model.FrameworkMethod$1.runReflectiveCall(FrameworkMethod.java:59)
	at app//org.junit.internal.runners.model.ReflectiveCallable.run(ReflectiveCallable.java:12)
	at app//org.junit.runners.model.FrameworkMethod.invokeExplosively(FrameworkMethod.java:56)
	at app//org.junit.internal.runners.statements.InvokeMethod.evaluate(InvokeMethod.java:17)
	at app//org.junit.internal.runners.statements.RunBefores.evaluate(RunBefores.java:26)
	at app//org.junit.runners.ParentRunner$3.evaluate(ParentRunner.java:306)
	at app//org.robolectric.RobolectricTestRunner$HelperTestRunner$1.evaluate(RobolectricTestRunner.java:591)
	at app//org.robolectric.internal.SandboxTestRunner$2.lambda$evaluate$0(SandboxTestRunner.java:274)
	at app//org.robolectric.internal.bytecode.Sandbox.lambda$runOnMainThread$0(Sandbox.java:88)
	at java.base@11.0.15/java.util.concurrent.FutureTask.run(FutureTask.java:264)
	at java.base@11.0.15/java.util.concurrent.ThreadPoolExecutor.runWorker(ThreadPoolExecutor.java:1128)
	at java.base@11.0.15/java.util.concurrent.ThreadPoolExecutor$Worker.run(ThreadPoolExecutor.java:628)
	at java.base@11.0.15/java.lang.Thread.run(Thread.java:829)
Caused by: junit.framework.AssertionFailedError: 'an instance of android.widget.TextView and view.getText() with or without transformation to match: is &quot;03:&quot;' doesn't match the selected view.
Expected: an instance of android.widget.TextView and view.getText() with or without transformation to match: is &quot;03:&quot;
     Got: view.getText() was &quot;&quot; transformed text was &quot;&quot;
View Details: TimeEditText{id=2131231162, res-name=time_edit_text, visibility=VISIBLE, width=100, height=44, has-focus=false, has-focusable=true, has-window-focus=true, is-clickable=true, is-enabled=true, is-focused=false, is-focusable=true, is-layout-requested=false, is-selected=false, layout-params=androidx.appcompat.widget.LinearLayoutCompat$LayoutParams@2e764003, tag=null, root-is-layout-requested=false, has-input-connection=true, editor-info=[inputType=0x24 imeOptions=0xc000005 privateImeOptions=null actionLabel=null actionId=0 initialSelStart=0 initialSelEnd=0 initialCapsMode=0x0 hintText=12:00 label=null packageName=null autofillId=null fieldId=0 fieldName=null extras=null hintLocales=null contentMimeTypes=null ], x=110.0, y=124.0, text=, hint=12:00, input-type=36, ime-target=false, has-links=false}

	at androidx.test.espresso.matcher.ViewMatchers.assertThat(ViewMatchers.java:16)
	at androidx.test.espresso.assertion.ViewAssertions$MatchesViewAssertion.check(ViewAssertions.java:11)
	at androidx.test.espresso.ViewInteraction$SingleExecutionViewAssertion.check(ViewInteraction.java:2)
	at androidx.test.espresso.ViewInteraction$2.call(ViewInteraction.java:12)
	at androidx.test.espresso.ViewInteraction$2.call(ViewInteraction.java:1)
	at java.base/java.util.concurrent.FutureTask.run(FutureTask.java:264)
	at android.os.Handler.$$robo$$android_os_Handler$handleCallback(Handler.java:938)
	at android.os.Handler.handleCallback(Handler.java)
	at android.os.Handler.$$robo$$android_os_Handler$dispatchMessage(Handler.java:99)
	at android.os.Handler.dispatchMessage(Handler.java)
	at org.robolectric.shadows.ShadowPausedLooper$IdlingRunnable.run(ShadowPausedLooper.java:332)
	at org.robolectric.shadows.ShadowPausedLooper.executeOnLooper(ShadowPausedLooper.java:366)
	at org.robolectric.shadows.ShadowPausedLooper.idle(ShadowPausedLooper.java:92)
	at org.robolectric.android.internal.LocalControlledLooper.drainMainThreadUntilIdle(LocalControlledLooper.java:17)
	at androidx.test.espresso.ViewInteraction.waitForAndHandleInteractionResults(ViewInteraction.java:1)
	... 19 more
</failure>
  </testcase>
  <testcase name="hourText_noInsertZeroIfFirstDigitLessThanTwo" classname="com.example.app.TimeEditTextUiEspressoTest" time="0.092">
    <failure message="androidx.test.espresso.base.DefaultFailureHandler$AssertionFailedWithCauseError: 'an instance of android.widget.TextView and view.getText() with or without transformation to match: is &quot;1&quot;' doesn't match the selected view.&#10;Expected: an instance of android.widget.TextView and view.getText() with or without transformation to match: is &quot;1&quot;&#10;     Got: view.getText() was &quot;&quot; transformed text was &quot;&quot;&#10;View Details: TimeEditText{id=2131231162, res-name=time_edit_text, visibility=VISIBLE, width=100, height=44, has-focus=false, has-focusable=true, has-window-focus=true, is-clickable=true, is-enabled=true, is-focused=false, is-focusable=true, is-layout-requested=false, is-selected=false, layout-params=androidx.appcompat.widget.LinearLayoutCompat$LayoutParams@177ee068, tag=null, root-is-layout-requested=false, has-input-connection=true, editor-info=[inputType=0x24 imeOptions=0xc000005 privateImeOptions=null actionLabel=null actionId=0 initialSelStart=0 initialSelEnd=0 initialCapsMode=0x0 hintText=12:00 label=null packageName=null autofillId=null fieldId=0 fieldName=null extras=null hintLocales=null contentMimeTypes=null ], x=110.0, y=124.0, text=, hint=12:00, input-type=36, ime-target=false, has-links=false}&#10;" type="androidx.test.espresso.base.DefaultFailureHandler$AssertionFailedWithCauseError">androidx.test.espresso.base.DefaultFailureHandler$AssertionFailedWithCauseError: 'an instance of android.widget.TextView and view.getText() with or without transformation to match: is &quot;1&quot;' doesn't match the selected view.
Expected: an instance of android.widget.TextView and view.getText() with or without transformation to match: is &quot;1&quot;
     Got: view.getText() was &quot;&quot; transformed text was &quot;&quot;
View Details: TimeEditText{id=2131231162, res-name=time_edit_text, visibility=VISIBLE, width=100, height=44, has-focus=false, has-focusable=true, has-window-focus=true, is-clickable=true, is-enabled=true, is-focused=false, is-focusable=true, is-layout-requested=false, is-selected=false, layout-params=androidx.appcompat.widget.LinearLayoutCompat$LayoutParams@177ee068, tag=null, root-is-layout-requested=false, has-input-connection=true, editor-info=[inputType=0x24 imeOptions=0xc000005 privateImeOptions=null actionLabel=null actionId=0 initialSelStart=0 initialSelEnd=0 initialCapsMode=0x0 hintText=12:00 label=null packageName=null autofillId=null fieldId=0 fieldName=null extras=null hintLocales=null contentMimeTypes=null ], x=110.0, y=124.0, text=, hint=12:00, input-type=36, ime-target=false, has-links=false}

	at java.base@11.0.15/java.lang.Thread.getStackTrace(Thread.java:1602)
	at androidx.test.espresso.base.DefaultFailureHandler.getUserFriendlyError(DefaultFailureHandler.java:12)
	at androidx.test.espresso.base.DefaultFailureHandler.handle(DefaultFailureHandler.java:7)
	at androidx.test.espresso.ViewInteraction.waitForAndHandleInteractionResults(ViewInteraction.java:5)
	at androidx.test.espresso.ViewInteraction.check(ViewInteraction.java:12)
	at com.example.app.TimeEditTextUiEspressoTest.hourText_noInsertZeroIfFirstDigitLessThanTwo(TimeEditTextUiEspressoTest.kt:41)
	at java.base@11.0.15/jdk.internal.reflect.NativeMethodAccessorImpl.invoke0(Native Method)
	at java.base@11.0.15/jdk.internal.reflect.NativeMethodAccessorImpl.invoke(NativeMethodAccessorImpl.java:62)
	at java.base@11.0.15/jdk.internal.reflect.DelegatingMethodAccessorImpl.invoke(DelegatingMethodAccessorImpl.java:43)
	at java.base@11.0.15/java.lang.reflect.Method.invoke(Method.java:566)
	at app//org.junit.runners.model.FrameworkMethod$1.runReflectiveCall(FrameworkMethod.java:59)
	at app//org.junit.internal.runners.model.ReflectiveCallable.run(ReflectiveCallable.java:12)
	at app//org.junit.runners.model.FrameworkMethod.invokeExplosively(FrameworkMethod.java:56)
	at app//org.junit.internal.runners.statements.InvokeMethod.evaluate(InvokeMethod.java:17)
	at app//org.junit.internal.runners.statements.RunBefores.evaluate(RunBefores.java:26)
	at app//org.junit.runners.ParentRunner$3.evaluate(ParentRunner.java:306)
	at app//org.robolectric.RobolectricTestRunner$HelperTestRunner$1.evaluate(RobolectricTestRunner.java:591)
	at app//org.robolectric.internal.SandboxTestRunner$2.lambda$evaluate$0(SandboxTestRunner.java:274)
	at app//org.robolectric.internal.bytecode.Sandbox.lambda$runOnMainThread$0(Sandbox.java:88)
	at java.base@11.0.15/java.util.concurrent.FutureTask.run(FutureTask.java:264)
	at java.base@11.0.15/java.util.concurrent.ThreadPoolExecutor.runWorker(ThreadPoolExecutor.java:1128)
	at java.base@11.0.15/java.util.concurrent.ThreadPoolExecutor$Worker.run(ThreadPoolExecutor.java:628)
	at java.base@11.0.15/java.lang.Thread.run(Thread.java:829)
Caused by: junit.framework.AssertionFailedError: 'an instance of android.widget.TextView and view.getText() with or without transformation to match: is &quot;1&quot;' doesn't match the selected view.
Expected: an instance of android.widget.TextView and view.getText() with or without transformation to match: is &quot;1&quot;
     Got: view.getText() was &quot;&quot; transformed text was &quot;&quot;
View Details: TimeEditText{id=2131231162, res-name=time_edit_text, visibility=VISIBLE, width=100, height=44, has-focus=false, has-focusable=true, has-window-focus=true, is-clickable=true, is-enabled=true, is-focused=false, is-focusable=true, is-layout-requested=false, is-selected=false, layout-params=androidx.appcompat.widget.LinearLayoutCompat$LayoutParams@177ee068, tag=null, root-is-layout-requested=false, has-input-connection=true, editor-info=[inputType=0x24 imeOptions=0xc000005 privateImeOptions=null actionLabel=null actionId=0 initialSelStart=0 initialSelEnd=0 initialCapsMode=0x0 hintText=12:00 label=null packageName=null autofillId=null fieldId=0 fieldName=null extras=null hintLocales=null contentMimeTypes=null ], x=110.0, y=124.0, text=, hint=12:00, input-type=36, ime-target=false, has-links=false}

	at androidx.test.espresso.matcher.ViewMatchers.assertThat(ViewMatchers.java:16)
	at androidx.test.espresso.assertion.ViewAssertions$MatchesViewAssertion.check(ViewAssertions.java:11)
	at androidx.test.espresso.ViewInteraction$SingleExecutionViewAssertion.check(ViewInteraction.java:2)
	at androidx.test.espresso.ViewInteraction$2.call(ViewInteraction.java:12)
	at androidx.test.espresso.ViewInteraction$2.call(ViewInteraction.java:1)
	at java.base/java.util.concurrent.FutureTask.run(FutureTask.java:264)
	at android.os.Handler.$$robo$$android_os_Handler$handleCallback(Handler.java:938)
	at android.os.Handler.handleCallback(Handler.java)
	at android.os.Handler.$$robo$$android_os_Handler$dispatchMessage(Handler.java:99)
	at android.os.Handler.dispatchMessage(Handler.java)
	at org.robolectric.shadows.ShadowPausedLooper$IdlingRunnable.run(ShadowPausedLooper.java:332)
	at org.robolectric.shadows.ShadowPausedLooper.executeOnLooper(ShadowPausedLooper.java:366)
	at org.robolectric.shadows.ShadowPausedLooper.idle(ShadowPausedLooper.java:92)
	at org.robolectric.android.internal.LocalControlledLooper.drainMainThreadUntilIdle(LocalControlledLooper.java:17)
	at androidx.test.espresso.ViewInteraction.waitForAndHandleInteractionResults(ViewInteraction.java:1)
	... 19 more
</failure>
  </testcase>
  <testcase name="minuteText_insertZeroIfFirstDigitMoreThanSix" classname="com.example.app.TimeEditTextUiEspressoTest" time="0.086">
    <failure message="androidx.test.espresso.base.DefaultFailureHandler$AssertionFailedWithCauseError: 'an instance of android.widget.TextView and view.getText() with or without transformation to match: is &quot;12:06&quot;' doesn't match the selected view.&#10;Expected: an instance of android.widget.TextView and view.getText() with or without transformation to match: is &quot;12:06&quot;&#10;     Got: view.getText() was &quot;&quot; transformed text was &quot;&quot;&#10;View Details: TimeEditText{id=2131231162, res-name=time_edit_text, visibility=VISIBLE, width=100, height=44, has-focus=false, has-focusable=true, has-window-focus=true, is-clickable=true, is-enabled=true, is-focused=false, is-focusable=true, is-layout-requested=false, is-selected=false, layout-params=androidx.appcompat.widget.LinearLayoutCompat$LayoutParams@2cacc447, tag=null, root-is-layout-requested=false, has-input-connection=true, editor-info=[inputType=0x24 imeOptions=0xc000005 privateImeOptions=null actionLabel=null actionId=0 initialSelStart=0 initialSelEnd=0 initialCapsMode=0x0 hintText=12:00 label=null packageName=null autofillId=null fieldId=0 fieldName=null extras=null hintLocales=null contentMimeTypes=null ], x=110.0, y=124.0, text=, hint=12:00, input-type=36, ime-target=false, has-links=false}&#10;" type="androidx.test.espresso.base.DefaultFailureHandler$AssertionFailedWithCauseError">androidx.test.espresso.base.DefaultFailureHandler$AssertionFailedWithCauseError: 'an instance of android.widget.TextView and view.getText() with or without transformation to match: is &quot;12:06&quot;' doesn't match the selected view.
Expected: an instance of android.widget.TextView and view.getText() with or without transformation to match: is &quot;12:06&quot;
     Got: view.getText() was &quot;&quot; transformed text was &quot;&quot;
View Details: TimeEditText{id=2131231162, res-name=time_edit_text, visibility=VISIBLE, width=100, height=44, has-focus=false, has-focusable=true, has-window-focus=true, is-clickable=true, is-enabled=true, is-focused=false, is-focusable=true, is-layout-requested=false, is-selected=false, layout-params=androidx.appcompat.widget.LinearLayoutCompat$LayoutParams@2cacc447, tag=null, root-is-layout-requested=false, has-input-connection=true, editor-info=[inputType=0x24 imeOptions=0xc000005 privateImeOptions=null actionLabel=null actionId=0 initialSelStart=0 initialSelEnd=0 initialCapsMode=0x0 hintText=12:00 label=null packageName=null autofillId=null fieldId=0 fieldName=null extras=null hintLocales=null contentMimeTypes=null ], x=110.0, y=124.0, text=, hint=12:00, input-type=36, ime-target=false, has-links=false}

	at java.base@11.0.15/java.lang.Thread.getStackTrace(Thread.java:1602)
	at androidx.test.espresso.base.DefaultFailureHandler.getUserFriendlyError(DefaultFailureHandler.java:12)
	at androidx.test.espresso.base.DefaultFailureHandler.handle(DefaultFailureHandler.java:7)
	at androidx.test.espresso.ViewInteraction.waitForAndHandleInteractionResults(ViewInteraction.java:5)
	at androidx.test.espresso.ViewInteraction.check(ViewInteraction.java:12)
	at com.example.app.TimeEditTextUiEspressoTest.minuteText_insertZeroIfFirstDigitMoreThanSix(TimeEditTextUiEspressoTest.kt:69)
	at java.base@11.0.15/jdk.internal.reflect.NativeMethodAccessorImpl.invoke0(Native Method)
	at java.base@11.0.15/jdk.internal.reflect.NativeMethodAccessorImpl.invoke(NativeMethodAccessorImpl.java:62)
	at java.base@11.0.15/jdk.internal.reflect.DelegatingMethodAccessorImpl.invoke(DelegatingMethodAccessorImpl.java:43)
	at java.base@11.0.15/java.lang.reflect.Method.invoke(Method.java:566)
	at app//org.junit.runners.model.FrameworkMethod$1.runReflectiveCall(FrameworkMethod.java:59)
	at app//org.junit.internal.runners.model.ReflectiveCallable.run(ReflectiveCallable.java:12)
	at app//org.junit.runners.model.FrameworkMethod.invokeExplosively(FrameworkMethod.java:56)
	at app//org.junit.internal.runners.statements.InvokeMethod.evaluate(InvokeMethod.java:17)
	at app//org.junit.internal.runners.statements.RunBefores.evaluate(RunBefores.java:26)
	at app//org.junit.runners.ParentRunner$3.evaluate(ParentRunner.java:306)
	at app//org.robolectric.RobolectricTestRunner$HelperTestRunner$1.evaluate(RobolectricTestRunner.java:591)
	at app//org.robolectric.internal.SandboxTestRunner$2.lambda$evaluate$0(SandboxTestRunner.java:274)
	at app//org.robolectric.internal.bytecode.Sandbox.lambda$runOnMainThread$0(Sandbox.java:88)
	at java.base@11.0.15/java.util.concurrent.FutureTask.run(FutureTask.java:264)
	at java.base@11.0.15/java.util.concurrent.ThreadPoolExecutor.runWorker(ThreadPoolExecutor.java:1128)
	at java.base@11.0.15/java.util.concurrent.ThreadPoolExecutor$Worker.run(ThreadPoolExecutor.java:628)
	at java.base@11.0.15/java.lang.Thread.run(Thread.java:829)
Caused by: junit.framework.AssertionFailedError: 'an instance of android.widget.TextView and view.getText() with or without transformation to match: is &quot;12:06&quot;' doesn't match the selected view.
Expected: an instance of android.widget.TextView and view.getText() with or without transformation to match: is &quot;12:06&quot;
     Got: view.getText() was &quot;&quot; transformed text was &quot;&quot;
View Details: TimeEditText{id=2131231162, res-name=time_edit_text, visibility=VISIBLE, width=100, height=44, has-focus=false, has-focusable=true, has-window-focus=true, is-clickable=true, is-enabled=true, is-focused=false, is-focusable=true, is-layout-requested=false, is-selected=false, layout-params=androidx.appcompat.widget.LinearLayoutCompat$LayoutParams@2cacc447, tag=null, root-is-layout-requested=false, has-input-connection=true, editor-info=[inputType=0x24 imeOptions=0xc000005 privateImeOptions=null actionLabel=null actionId=0 initialSelStart=0 initialSelEnd=0 initialCapsMode=0x0 hintText=12:00 label=null packageName=null autofillId=null fieldId=0 fieldName=null extras=null hintLocales=null contentMimeTypes=null ], x=110.0, y=124.0, text=, hint=12:00, input-type=36, ime-target=false, has-links=false}

	at androidx.test.espresso.matcher.ViewMatchers.assertThat(ViewMatchers.java:16)
	at androidx.test.espresso.assertion.ViewAssertions$MatchesViewAssertion.check(ViewAssertions.java:11)
	at androidx.test.espresso.ViewInteraction$SingleExecutionViewAssertion.check(ViewInteraction.java:2)
	at androidx.test.espresso.ViewInteraction$2.call(ViewInteraction.java:12)
	at androidx.test.espresso.ViewInteraction$2.call(ViewInteraction.java:1)
	at java.base/java.util.concurrent.FutureTask.run(FutureTask.java:264)
	at android.os.Handler.$$robo$$android_os_Handler$handleCallback(Handler.java:938)
	at android.os.Handler.handleCallback(Handler.java)
	at android.os.Handler.$$robo$$android_os_Handler$dispatchMessage(Handler.java:99)
	at android.os.Handler.dispatchMessage(Handler.java)
	at org.robolectric.shadows.ShadowPausedLooper$IdlingRunnable.run(ShadowPausedLooper.java:332)
	at org.robolectric.shadows.ShadowPausedLooper.executeOnLooper(ShadowPausedLooper.java:366)
	at org.robolectric.shadows.ShadowPausedLooper.idle(ShadowPausedLooper.java:92)
	at org.robolectric.android.internal.LocalControlledLooper.drainMainThreadUntilIdle(LocalControlledLooper.java:17)
	at androidx.test.espresso.ViewInteraction.waitForAndHandleInteractionResults(ViewInteraction.java:1)
	... 19 more
</failure>
  </testcase>
  <system-out><![CDATA[resources.arsc in APK '/Users/nux/.m2/repository/org/robolectric/android-all-instrumented/12-robolectric-7732740-i3/android-all-instrumented-12-robolectric-7732740-i3.jar' is compressed.
]]></system-out>
  <system-err><![CDATA[]]></system-err>
</testsuite>
